Для тестов будем использовать развёрнутую ранее postgres c базой thai
Тестовый запрос:
```
explain
WITH all_place AS (
    SELECT count(s.id) as all_place, s.fkbus as fkbus
    FROM book.seat s
    group by s.fkbus
),
order_place AS (
    SELECT count(t.id) as order_place, t.fkride
    FROM book.tickets t
    group by t.fkride
)
SELECT r.id, r.startdate as depart_date, bs.city || ', ' || bs.name as busstation,  
      t.order_place, st.all_place
FROM book.ride r
JOIN book.schedule as s
      on r.fkschedule = s.id
JOIN book.busroute br
      on s.fkroute = br.id
JOIN book.busstation bs
      on br.fkbusstationfrom = bs.id
JOIN order_place t
      on t.fkride = r.id
JOIN all_place st
      on r.fkbus = st.fkbus
GROUP BY r.id, r.startdate, bs.city || ', ' || bs.name, t.order_place,st.all_place
ORDER BY r.startdate
limit 10;
```

Получаем такие результаты:
```
Limit (cost=337929.76..337929.78 rows=10 width=56)
Sort (cost=337929.76..338284.52 rows=141907 width=56)
Group (cost=332379.82..334863.20 rows=141907 width=56)
Hash Join (cost=267197.24..315385.43 rows=141907 width=56)
Nested Loop (cost=267192.12..313982.53 rows=141907 width=84)
Merge Join (cost=267146.23..309787.15 rows=141907 width=24)
Seq Scan (cost=0.00..83963.92 rows=2251092 width=12)
```

По условиям задачи накинем индексов на внешние ключи
```
CREATE INDEX idx_fkbus ON book.seat(fkbus);
CREATE INDEX idx_fkschedule ON book.ride(fkschedule);
CREATE INDEX idx_fkroute ON book.schedule(fkroute);
CREATE INDEX idx_fkride ON book.tickets(fkride);
CREATE INDEX idx_fkbusstationfrom ON book.busroute(fkbusstationfrom);
```

Протестим и получим похожие результаты:
```
Limit (cost=338062.45..338062.48 rows=10 width=56)
Sort (cost=338062.45..338417.22 rows=141907 width=56)
Group (cost=332512.52..334995.90 rows=141907 width=56)
Hash Join (cost=267329.94..315518.12 rows=141907 width=56)
Nested Loop (cost=267324.82..314115.23 rows=141907 width=84)
Merge Join (cost=267278.93..309919.85 rows=141907 width=24)
Seq Scan (cost=0.00..83979.75 rows=2252675 width=12)
```
Запустим `VACUUM ANALYZE;` и повторим тест:
```
Limit (cost=325008.78..325008.81 rows=10 width=56) Стоимость запроса немного снизилась по сравнению с предыдущим планом (с 338062.45 до 325008.78).
Sort (cost=325008.78..325307.38 rows=119438 width=56) Стоимость сортировки уменьшилась с 338417.22 до 325307.38. Число строк для сортировки уменьшилось с 141907 до 119438
Group (cost=320337.61..322427.77 rows=119438 width=56) Стоимость группировки снизилась с 334995.90 до 322427.77. Число строк для группировки также уменьшилось с 141907 до 119438
Hash Join (cost=264630.09..306180.96 rows=119438 width=56) Стоимость хэш-соединения снизилась с 315518.12 до 306180.96 Число строк для группировки также уменьшилось с 315518 до 119438
Nested Loop (cost=264623.75..304551.75 rows=119438 width=24) Стоимость вложенного цикла уменьшилась с 314115.23 до 304551.75. Число строк для группировки также уменьшилось с 314115 до 119438
Merge Join (cost=264580.20..301226.75 rows=119438 width=24) Стоимость слияния слияния снизилась с 309919.85 до 301226.75. Число строк для группировки также уменьшилось с 309919  до 119438
Seq Scan (cost=0.00..83977.21 rows=2252421 width=12)
```
